2021-01-27 21:28:58 info: 🚀 App listening on the port 3000
2021-01-27 21:35:52 info: [0mGET / [32m200[0m 72.075 ms - 2[0m
2021-01-27 21:35:52 info: [0mGET /favicon.ico [33m404[0m 39.586 ms - 150[0m
2021-01-27 21:39:13 info: [0mGET //signup [33m404[0m 3.788 ms - 146[0m
2021-01-27 21:40:04 info: [0mGET //signup [33m404[0m 37.787 ms - 146[0m
2021-01-27 21:41:56 info: [0mGET /signup [33m404[0m 2.103 ms - 145[0m
2021-01-27 21:41:59 info: [0mGET /signup [33m404[0m 8.367 ms - 145[0m
2021-01-27 21:42:07 info: [0mPOST /signup [32m201[0m 117.415 ms - 149[0m
2021-01-27 21:44:53 info: [0mGET /api-docs [36m301[0m 5.921 ms - 183[0m
2021-01-27 21:44:53 info: [0mGET /api-docs/ [32m200[0m 7.534 ms - -[0m
2021-01-27 21:44:54 info: [0mGET /api-docs/swagger-ui-init.js [32m200[0m 1.413 ms - -[0m
2021-01-27 21:44:54 info: [0mGET /api-docs/swagger-ui.css [32m200[0m 67.593 ms - -[0m
2021-01-27 21:44:54 info: [0mGET /api-docs/swagger-ui-standalone-preset.js [32m200[0m 23.138 ms - -[0m
2021-01-27 21:44:54 info: [0mGET /api-docs/swagger-ui-bundle.js [32m200[0m 102.278 ms - -[0m
2021-01-27 21:44:54 info: [0mGET /api-docs/favicon-32x32.png [32m200[0m 1.247 ms - 628[0m
2021-01-27 21:44:58 info: [0mGET /api-docs/[object%20Module] [32m200[0m 2.637 ms - -[0m
2021-01-27 22:25:57 info: 🚀 App listening on the port 3000
2021-01-27 22:28:03 info: 🚀 App listening on the port 3000
2021-01-27 22:29:08 info: 🚀 App listening on the port 3000
2021-01-27 22:29:21 info: 🚀 App listening on the port 3000
2021-01-27 22:30:21 info: 🚀 App listening on the port 3000
2021-01-27 22:36:15 info: [0mGET /users/1 [32m200[0m 71.934 ms - 135[0m
2021-01-27 22:36:40 info: [0mPOST /users/1 [32m200[0m 4.548 ms - 44[0m
2021-01-27 22:37:40 info: 🚀 App listening on the port 3000
2021-01-27 22:37:48 info: 🚀 App listening on the port 3000
2021-01-27 22:37:56 info: 🚀 App listening on the port 3000
2021-01-27 22:38:02 info: 🚀 App listening on the port 3000
2021-01-27 22:38:24 info: 🚀 App listening on the port 3000
2021-01-27 22:38:30 info: 🚀 App listening on the port 3000
2021-01-27 22:38:40 info: 🚀 App listening on the port 3000
2021-01-27 22:38:47 info: [0mPOST /users/1 [32m200[0m 44.816 ms - 44[0m
2021-01-27 22:39:37 info: 🚀 App listening on the port 3000
2021-01-27 22:39:56 info: 🚀 App listening on the port 3000
2021-01-27 22:39:59 info: [0mPOST /users/1 [32m200[0m 88.733 ms - 44[0m
2021-01-27 22:40:13 info: [0mPOST /users/1 [32m200[0m 1.570 ms - 44[0m
2021-01-27 22:40:25 info: [0mPOST /users/1 [32m200[0m 1.751 ms - 66[0m
2021-01-27 22:40:46 info: 🚀 App listening on the port 3000
2021-01-27 22:40:48 info: [0mPOST /users/1 [32m200[0m 52.993 ms - 41[0m
2021-01-27 22:41:03 info: 🚀 App listening on the port 3000
2021-01-27 22:41:04 info: [0mPOST /users/1 [32m200[0m 43.474 ms - 32[0m
2021-01-27 22:41:27 info: 🚀 App listening on the port 3000
2021-01-27 22:41:29 info: [0mPOST /users/1 [32m200[0m 61.080 ms - 42[0m
2021-01-27 22:45:56 info: 🚀 App listening on the port 3000
