2021-01-27 22:25:38 error: uncaughtException: ⨯ Unable to compile TypeScript:
src/controllers/users.controller.ts(64,65): error TS1005: ',' expected.

TSError: ⨯ Unable to compile TypeScript:
src/controllers/users.controller.ts(64,65): error TS1005: ',' expected.

    at createTSError (/app/node_modules/ts-node/src/index.ts:513:12)
    at reportTSError (/app/node_modules/ts-node/src/index.ts:517:19)
    at getOutput (/app/node_modules/ts-node/src/index.ts:955:34)
    at Object.compile (/app/node_modules/ts-node/src/index.ts:968:32)
    at Module.m._compile (/app/node_modules/ts-node/src/index.ts:1056:42)
    at Module._extensions..js (internal/modules/cjs/loader.js:1092:10)
    at Object.require.extensions.<computed> [as .ts] (/app/node_modules/ts-node/src/index.ts:1059:12)
    at Module.load (internal/modules/cjs/loader.js:928:32)
    at Function.Module._load (internal/modules/cjs/loader.js:769:14)
    at Module.require (internal/modules/cjs/loader.js:952:19)
2021-01-27 22:39:52 error: uncaughtException: ⨯ Unable to compile TypeScript:
src/controllers/users.controller.ts(68,45): error TS1005: ',' expected.

TSError: ⨯ Unable to compile TypeScript:
src/controllers/users.controller.ts(68,45): error TS1005: ',' expected.

    at createTSError (/app/node_modules/ts-node/src/index.ts:513:12)
    at reportTSError (/app/node_modules/ts-node/src/index.ts:517:19)
    at getOutput (/app/node_modules/ts-node/src/index.ts:955:34)
    at Object.compile (/app/node_modules/ts-node/src/index.ts:968:32)
    at Module.m._compile (/app/node_modules/ts-node/src/index.ts:1056:42)
    at Module._extensions..js (internal/modules/cjs/loader.js:1092:10)
    at Object.require.extensions.<computed> [as .ts] (/app/node_modules/ts-node/src/index.ts:1059:12)
    at Module.load (internal/modules/cjs/loader.js:928:32)
    at Function.Module._load (internal/modules/cjs/loader.js:769:14)
    at Module.require (internal/modules/cjs/loader.js:952:19)
